# JRE version: OpenJDK Runtime Environment Corretto-11.0.12.7.1 (11.0.12+7) (build 11.0.12+7-LTS)
# Java VM: OpenJDK 64-Bit Server VM Corretto-11.0.12.7.1 (11.0.12+7-LTS, mixed mode, tiered, compressed oops, g1 gc, windows-amd64)
Heap:
 garbage-first heap   total 233472K, used 12083K [0x0000000742400000, 0x0000000800000000)
  region size 1024K, 8 young (8192K), 8 survivors (8192K)
 Metaspace       used 34960K, capacity 35839K, committed 35968K, reserved 1081344K
  class space    used 4016K, capacity 4364K, committed 4480K, reserved 1048576K
GC Heap History (9 events):
Event: 0.631 GC heap before
{Heap before GC invocations=0 (full 0):
 garbage-first heap   total 194560K, used 23552K [0x0000000742400000, 0x0000000800000000)
  region size 1024K, 24 young (24576K), 0 survivors (0K)
 Metaspace       used 14241K, capacity 14516K, committed 14720K, reserved 1062912K
  class space    used 1438K, capacity 1546K, committed 1664K, reserved 1048576K
}
Event: 0.636 GC heap after
{Heap after GC invocations=1 (full 0):
 garbage-first heap   total 194560K, used 4623K [0x0000000742400000, 0x0000000800000000)
  region size 1024K, 3 young (3072K), 3 survivors (3072K)
 Metaspace       used 14241K, capacity 14516K, committed 14720K, reserved 1062912K
  class space    used 1438K, capacity 1546K, committed 1664K, reserved 1048576K
}
Event: 0.889 GC heap before
{Heap before GC invocations=1 (full 0):
 garbage-first heap   total 194560K, used 29199K [0x0000000742400000, 0x0000000800000000)
  region size 1024K, 28 young (28672K), 3 survivors (3072K)
 Metaspace       used 20604K, capacity 21133K, committed 21296K, reserved 1069056K
  class space    used 2228K, capacity 2417K, committed 2432K, reserved 1048576K
}
Event: 0.894 GC heap after
{Heap after GC invocations=2 (full 0):
 garbage-first heap   total 194560K, used 5942K [0x0000000742400000, 0x0000000800000000)
  region size 1024K, 5 young (5120K), 5 survivors (5120K)
 Metaspace       used 20604K, capacity 21133K, committed 21296K, reserved 1069056K
  class space    used 2228K, capacity 2417K, committed 2432K, reserved 1048576K
}
Event: 1.039 GC heap before
{Heap before GC invocations=3 (full 0):
 garbage-first heap   total 194560K, used 18230K [0x0000000742400000, 0x0000000800000000)
  region size 1024K, 17 young (17408K), 5 survivors (5120K)
 Metaspace       used 23326K, capacity 23906K, committed 24192K, reserved 1071104K
  class space    used 2603K, capacity 2835K, committed 2944K, reserved 1048576K
}
Event: 1.044 GC heap after
{Heap after GC invocations=4 (full 0):
 garbage-first heap   total 194560K, used 6616K [0x0000000742400000, 0x0000000800000000)
  region size 1024K, 2 young (2048K), 2 survivors (2048K)
 Metaspace       used 23326K, capacity 23906K, committed 24192K, reserved 1071104K
  class space    used 2603K, capacity 2835K, committed 2944K, reserved 1048576K
}
Event: 2.088 GC heap before
{Heap before GC invocations=4 (full 0):
 garbage-first heap   total 194560K, used 55768K [0x0000000742400000, 0x0000000800000000)
  region size 1024K, 51 young (52224K), 2 survivors (2048K)
 Metaspace       used 31549K, capacity 32394K, committed 32640K, reserved 1077248K
  class space    used 3578K, capacity 3927K, committed 3968K, reserved 1048576K
}
Event: 2.092 GC heap after
{Heap after GC invocations=5 (full 0):
 garbage-first heap   total 194560K, used 9884K [0x0000000742400000, 0x0000000800000000)
  region size 1024K, 6 young (6144K), 6 survivors (6144K)
 Metaspace       used 31549K, capacity 32394K, committed 32640K, reserved 1077248K
  class space    used 3578K, capacity 3927K, committed 3968K, reserved 1048576K
}
Event: 2.397 GC heap before
{Heap before GC invocations=5 (full 0):
 garbage-first heap   total 194560K, used 33436K [0x0000000742400000, 0x0000000800000000)
  region size 1024K, 30 young (30720K), 6 survivors (6144K)
 Metaspace       used 34960K, capacity 35839K, committed 35968K, reserved 1081344K
  class space    used 4016K, capacity 4364K, committed 4480K, reserved 1048576K
}

